
*** Running vivado
    with args -log mux2_4b.vds -m64 -product Vivado -mode batch -messageDb vivado.pb -notrace -source mux2_4b.tcl


****** Vivado v2018.3 (64-bit)
  **** SW Build 2405991 on Thu Dec  6 23:38:27 MST 2018
  **** IP Build 2404404 on Fri Dec  7 01:43:56 MST 2018
    ** Copyright 1986-2018 Xilinx, Inc. All Rights Reserved.

source mux2_4b.tcl -notrace
Command: synth_design -top mux2_4b -part xc7a35tcpg236-1
Starting synth_design
Attempting to get a license for feature 'Synthesis' and/or device 'xc7a35t'
INFO: [Common 17-349] Got license for feature 'Synthesis' and/or device 'xc7a35t'
INFO: Launching helper process for spawning children vivado processes
INFO: Helper process launched with PID 2436 
---------------------------------------------------------------------------------
Starting RTL Elaboration : Time (s): cpu = 00:00:01 ; elapsed = 00:00:02 . Memory (MB): peak = 372.363 ; gain = 99.715
---------------------------------------------------------------------------------
INFO: [Synth 8-6157] synthesizing module 'mux2_4b' [H:/ELC2137/DL202010_MMYX/Lab 6/lab6/lab6.srcs/sources_1/new/mux2_4b.sv:23]
INFO: [Synth 8-6155] done synthesizing module 'mux2_4b' (1#1) [H:/ELC2137/DL202010_MMYX/Lab 6/lab6/lab6.srcs/sources_1/new/mux2_4b.sv:23]
---------------------------------------------------------------------------------
Finished RTL Elaboration : Time (s): cpu = 00:00:02 ; elapsed = 00:00:03 . Memory (MB): peak = 428.422 ; gain = 155.773
---------------------------------------------------------------------------------

Report Check Netlist: 
+------+------------------+-------+---------+-------+------------------+
|      |Item              |Errors |Warnings |Status |Description       |
+------+------------------+-------+---------+-------+------------------+
|1     |multi_driven_nets |      0|        0|Passed |Multi driven nets |
+------+------------------+-------+---------+-------+------------------+
---------------------------------------------------------------------------------
Start Handling Custom Attributes
---------------------------------------------------------------------------------
---------------------------------------------------------------------------------
Finished Handling Custom Attributes : Time (s): cpu = 00:00:02 ; elapsed = 00:00:03 . Memory (MB): peak = 428.422 ; gain = 155.773
---------------------------------------------------------------------------------
---------------------------------------------------------------------------------
Finished RTL Optimization Phase 1 : Time (s): cpu = 00:00:02 ; elapsed = 00:00:03 . Memory (MB): peak = 428.422 ; gain = 155.773
---------------------------------------------------------------------------------
INFO: [Device 21-403] Loading part xc7a35tcpg236-1
INFO: [Project 1-570] Preparing netlist for logic optimization

Processing XDC Constraints
Initializing timing engine
Parsing XDC File [H:/ELC2137/DL202010_MMYX/Lab 6/lab6/lab6.srcs/constrs_1/imports/lab6/sseg.xdc]
WARNING: [Vivado 12-584] No ports matched 'seg[0]'. [H:/ELC2137/DL202010_MMYX/Lab 6/lab6/lab6.srcs/constrs_1/imports/lab6/sseg.xdc:2]
CRITICAL WARNING: [Common 17-55] 'set_property' expects at least one object. [H:/ELC2137/DL202010_MMYX/Lab 6/lab6/lab6.srcs/constrs_1/imports/lab6/sseg.xdc:2]
Resolution: If [get_<value>] was used to populate the object, check to make sure this command returns at least one valid object.
WARNING: [Vivado 12-584] No ports matched 'seg[0]'. [H:/ELC2137/DL202010_MMYX/Lab 6/lab6/lab6.srcs/constrs_1/imports/lab6/sseg.xdc:3]
CRITICAL WARNING: [Common 17-55] 'set_property' expects at least one object. [H:/ELC2137/DL202010_MMYX/Lab 6/lab6/lab6.srcs/constrs_1/imports/lab6/sseg.xdc:3]
Resolution: If [get_<value>] was used to populate the object, check to make sure this command returns at least one valid object.
WARNING: [Vivado 12-584] No ports matched 'seg[1]'. [H:/ELC2137/DL202010_MMYX/Lab 6/lab6/lab6.srcs/constrs_1/imports/lab6/sseg.xdc:4]
CRITICAL WARNING: [Common 17-55] 'set_property' expects at least one object. [H:/ELC2137/DL202010_MMYX/Lab 6/lab6/lab6.srcs/constrs_1/imports/lab6/sseg.xdc:4]
Resolution: If [get_<value>] was used to populate the object, check to make sure this command returns at least one valid object.
WARNING: [Vivado 12-584] No ports matched 'seg[1]'. [H:/ELC2137/DL202010_MMYX/Lab 6/lab6/lab6.srcs/constrs_1/imports/lab6/sseg.xdc:5]
CRITICAL WARNING: [Common 17-55] 'set_property' expects at least one object. [H:/ELC2137/DL202010_MMYX/Lab 6/lab6/lab6.srcs/constrs_1/imports/lab6/sseg.xdc:5]
Resolution: If [get_<value>] was used to populate the object, check to make sure this command returns at least one valid object.
WARNING: [Vivado 12-584] No ports matched 'seg[2]'. [H:/ELC2137/DL202010_MMYX/Lab 6/lab6/lab6.srcs/constrs_1/imports/lab6/sseg.xdc:6]
CRITICAL WARNING: [Common 17-55] 'set_property' expects at least one object. [H:/ELC2137/DL202010_MMYX/Lab 6/lab6/lab6.srcs/constrs_1/imports/lab6/sseg.xdc:6]
Resolution: If [get_<value>] was used to populate the object, check to make sure this command returns at least one valid object.
WARNING: [Vivado 12-584] No ports matched 'seg[2]'. [H:/ELC2137/DL202010_MMYX/Lab 6/lab6/lab6.srcs/constrs_1/imports/lab6/sseg.xdc:7]
CRITICAL WARNING: [Common 17-55] 'set_property' expects at least one object. [H:/ELC2137/DL202010_MMYX/Lab 6/lab6/lab6.srcs/constrs_1/imports/lab6/sseg.xdc:7]
Resolution: If [get_<value>] was used to populate the object, check to make sure this command returns at least one valid object.
WARNING: [Vivado 12-584] No ports matched 'seg[3]'. [H:/ELC2137/DL202010_MMYX/Lab 6/lab6/lab6.srcs/constrs_1/imports/lab6/sseg.xdc:8]
CRITICAL WARNING: [Common 17-55] 'set_property' expects at least one object. [H:/ELC2137/DL202010_MMYX/Lab 6/lab6/lab6.srcs/constrs_1/imports/lab6/sseg.xdc:8]
Resolution: If [get_<value>] was used to populate the object, check to make sure this command returns at least one valid object.
WARNING: [Vivado 12-584] No ports matched 'seg[3]'. [H:/ELC2137/DL202010_MMYX/Lab 6/lab6/lab6.srcs/constrs_1/imports/lab6/sseg.xdc:9]
CRITICAL WARNING: [Common 17-55] 'set_property' expects at least one object. [H:/ELC2137/DL202010_MMYX/Lab 6/lab6/lab6.srcs/constrs_1/imports/lab6/sseg.xdc:9]
Resolution: If [get_<value>] was used to populate the object, check to make sure this command returns at least one valid object.
WARNING: [Vivado 12-584] No ports matched 'seg[4]'. [H:/ELC2137/DL202010_MMYX/Lab 6/lab6/lab6.srcs/constrs_1/imports/lab6/sseg.xdc:10]
CRITICAL WARNING: [Common 17-55] 'set_property' expects at least one object. [H:/ELC2137/DL202010_MMYX/Lab 6/lab6/lab6.srcs/constrs_1/imports/lab6/sseg.xdc:10]
Resolution: If [get_<value>] was used to populate the object, check to make sure this command returns at least one valid object.
WARNING: [Vivado 12-584] No ports matched 'seg[4]'. [H:/ELC2137/DL202010_MMYX/Lab 6/lab6/lab6.srcs/constrs_1/imports/lab6/sseg.xdc:11]
CRITICAL WARNING: [Common 17-55] 'set_property' expects at least one object. [H:/ELC2137/DL202010_MMYX/Lab 6/lab6/lab6.srcs/constrs_1/imports/lab6/sseg.xdc:11]
Resolution: If [get_<value>] was used to populate the object, check to make sure this command returns at least one valid object.
WARNING: [Vivado 12-584] No ports matched 'seg[5]'. [H:/ELC2137/DL202010_MMYX/Lab 6/lab6/lab6.srcs/constrs_1/imports/lab6/sseg.xdc:12]
CRITICAL WARNING: [Common 17-55] 'set_property' expects at least one object. [H:/ELC2137/DL202010_MMYX/Lab 6/lab6/lab6.srcs/constrs_1/imports/lab6/sseg.xdc:12]
Resolution: If [get_<value>] was used to populate the object, check to make sure this command returns at least one valid object.
WARNING: [Vivado 12-584] No ports matched 'seg[5]'. [H:/ELC2137/DL202010_MMYX/Lab 6/lab6/lab6.srcs/constrs_1/imports/lab6/sseg.xdc:13]
CRITICAL WARNING: [Common 17-55] 'set_property' expects at least one object. [H:/ELC2137/DL202010_MMYX/Lab 6/lab6/lab6.srcs/constrs_1/imports/lab6/sseg.xdc:13]
Resolution: If [get_<value>] was used to populate the object, check to make sure this command returns at least one valid object.
WARNING: [Vivado 12-584] No ports matched 'seg[6]'. [H:/ELC2137/DL202010_MMYX/Lab 6/lab6/lab6.srcs/constrs_1/imports/lab6/sseg.xdc:14]
CRITICAL WARNING: [Common 17-55] 'set_property' expects at least one object. [H:/ELC2137/DL202010_MMYX/Lab 6/lab6/lab6.srcs/constrs_1/imports/lab6/sseg.xdc:14]
Resolution: If [get_<value>] was used to populate the object, check to make sure this command returns at least one valid object.
WARNING: [Vivado 12-584] No ports matched 'seg[6]'. [H:/ELC2137/DL202010_MMYX/Lab 6/lab6/lab6.srcs/constrs_1/imports/lab6/sseg.xdc:15]
CRITICAL WARNING: [Common 17-55] 'set_property' expects at least one object. [H:/ELC2137/DL202010_MMYX/Lab 6/lab6/lab6.srcs/constrs_1/imports/lab6/sseg.xdc:15]
Resolution: If [get_<value>] was used to populate the object, check to make sure this command returns at least one valid object.
WARNING: [Vivado 12-584] No ports matched 'dp'. [H:/ELC2137/DL202010_MMYX/Lab 6/lab6/lab6.srcs/constrs_1/imports/lab6/sseg.xdc:17]
CRITICAL WARNING: [Common 17-55] 'set_property' expects at least one object. [H:/ELC2137/DL202010_MMYX/Lab 6/lab6/lab6.srcs/constrs_1/imports/lab6/sseg.xdc:17]
Resolution: If [get_<value>] was used to populate the object, check to make sure this command returns at least one valid object.
WARNING: [Vivado 12-584] No ports matched 'dp'. [H:/ELC2137/DL202010_MMYX/Lab 6/lab6/lab6.srcs/constrs_1/imports/lab6/sseg.xdc:18]
CRITICAL WARNING: [Common 17-55] 'set_property' expects at least one object. [H:/ELC2137/DL202010_MMYX/Lab 6/lab6/lab6.srcs/constrs_1/imports/lab6/sseg.xdc:18]
Resolution: If [get_<value>] was used to populate the object, check to make sure this command returns at least one valid object.
WARNING: [Vivado 12-584] No ports matched 'an[0]'. [H:/ELC2137/DL202010_MMYX/Lab 6/lab6/lab6.srcs/constrs_1/imports/lab6/sseg.xdc:20]
CRITICAL WARNING: [Common 17-55] 'set_property' expects at least one object. [H:/ELC2137/DL202010_MMYX/Lab 6/lab6/lab6.srcs/constrs_1/imports/lab6/sseg.xdc:20]
Resolution: If [get_<value>] was used to populate the object, check to make sure this command returns at least one valid object.
WARNING: [Vivado 12-584] No ports matched 'an[0]'. [H:/ELC2137/DL202010_MMYX/Lab 6/lab6/lab6.srcs/constrs_1/imports/lab6/sseg.xdc:21]
CRITICAL WARNING: [Common 17-55] 'set_property' expects at least one object. [H:/ELC2137/DL202010_MMYX/Lab 6/lab6/lab6.srcs/constrs_1/imports/lab6/sseg.xdc:21]
Resolution: If [get_<value>] was used to populate the object, check to make sure this command returns at least one valid object.
WARNING: [Vivado 12-584] No ports matched 'an[1]'. [H:/ELC2137/DL202010_MMYX/Lab 6/lab6/lab6.srcs/constrs_1/imports/lab6/sseg.xdc:22]
CRITICAL WARNING: [Common 17-55] 'set_property' expects at least one object. [H:/ELC2137/DL202010_MMYX/Lab 6/lab6/lab6.srcs/constrs_1/imports/lab6/sseg.xdc:22]
Resolution: If [get_<value>] was used to populate the object, check to make sure this command returns at least one valid object.
WARNING: [Vivado 12-584] No ports matched 'an[1]'. [H:/ELC2137/DL202010_MMYX/Lab 6/lab6/lab6.srcs/constrs_1/imports/lab6/sseg.xdc:23]
CRITICAL WARNING: [Common 17-55] 'set_property' expects at least one object. [H:/ELC2137/DL202010_MMYX/Lab 6/lab6/lab6.srcs/constrs_1/imports/lab6/sseg.xdc:23]
Resolution: If [get_<value>] was used to populate the object, check to make sure this command returns at least one valid object.
WARNING: [Vivado 12-584] No ports matched 'an[2]'. [H:/ELC2137/DL202010_MMYX/Lab 6/lab6/lab6.srcs/constrs_1/imports/lab6/sseg.xdc:24]
CRITICAL WARNING: [Common 17-55] 'set_property' expects at least one object. [H:/ELC2137/DL202010_MMYX/Lab 6/lab6/lab6.srcs/constrs_1/imports/lab6/sseg.xdc:24]
Resolution: If [get_<value>] was used to populate the object, check to make sure this command returns at least one valid object.
WARNING: [Vivado 12-584] No ports matched 'an[2]'. [H:/ELC2137/DL202010_MMYX/Lab 6/lab6/lab6.srcs/constrs_1/imports/lab6/sseg.xdc:25]
CRITICAL WARNING: [Common 17-55] 'set_property' expects at least one object. [H:/ELC2137/DL202010_MMYX/Lab 6/lab6/lab6.srcs/constrs_1/imports/lab6/sseg.xdc:25]
Resolution: If [get_<value>] was used to populate the object, check to make sure this command returns at least one valid object.
WARNING: [Vivado 12-584] No ports matched 'an[3]'. [H:/ELC2137/DL202010_MMYX/Lab 6/lab6/lab6.srcs/constrs_1/imports/lab6/sseg.xdc:26]
CRITICAL WARNING: [Common 17-55] 'set_property' expects at least one object. [H:/ELC2137/DL202010_MMYX/Lab 6/lab6/lab6.srcs/constrs_1/imports/lab6/sseg.xdc:26]
Resolution: If [get_<value>] was used to populate the object, check to make sure this command returns at least one valid object.
WARNING: [Vivado 12-584] No ports matched 'an[3]'. [H:/ELC2137/DL202010_MMYX/Lab 6/lab6/lab6.srcs/constrs_1/imports/lab6/sseg.xdc:27]
CRITICAL WARNING: [Common 17-55] 'set_property' expects at least one object. [H:/ELC2137/DL202010_MMYX/Lab 6/lab6/lab6.srcs/constrs_1/imports/lab6/sseg.xdc:27]
Resolution: If [get_<value>] was used to populate the object, check to make sure this command returns at least one valid object.
Finished Parsing XDC File [H:/ELC2137/DL202010_MMYX/Lab 6/lab6/lab6.srcs/constrs_1/imports/lab6/sseg.xdc]
Parsing XDC File [H:/ELC2137/DL202010_MMYX/Lab 6/lab6/lab6.srcs/constrs_1/imports/lab6/switches.xdc]
WARNING: [Vivado 12-584] No ports matched 'sw[0]'. [H:/ELC2137/DL202010_MMYX/Lab 6/lab6/lab6.srcs/constrs_1/imports/lab6/switches.xdc:2]
CRITICAL WARNING: [Common 17-55] 'set_property' expects at least one object. [H:/ELC2137/DL202010_MMYX/Lab 6/lab6/lab6.srcs/constrs_1/imports/lab6/switches.xdc:2]
Resolution: If [get_<value>] was used to populate the object, check to make sure this command returns at least one valid object.
WARNING: [Vivado 12-584] No ports matched 'sw[0]'. [H:/ELC2137/DL202010_MMYX/Lab 6/lab6/lab6.srcs/constrs_1/imports/lab6/switches.xdc:3]
CRITICAL WARNING: [Common 17-55] 'set_property' expects at least one object. [H:/ELC2137/DL202010_MMYX/Lab 6/lab6/lab6.srcs/constrs_1/imports/lab6/switches.xdc:3]
Resolution: If [get_<value>] was used to populate the object, check to make sure this command returns at least one valid object.
WARNING: [Vivado 12-584] No ports matched 'sw[1]'. [H:/ELC2137/DL202010_MMYX/Lab 6/lab6/lab6.srcs/constrs_1/imports/lab6/switches.xdc:4]
CRITICAL WARNING: [Common 17-55] 'set_property' expects at least one object. [H:/ELC2137/DL202010_MMYX/Lab 6/lab6/lab6.srcs/constrs_1/imports/lab6/switches.xdc:4]
Resolution: If [get_<value>] was used to populate the object, check to make sure this command returns at least one valid object.
WARNING: [Vivado 12-584] No ports matched 'sw[1]'. [H:/ELC2137/DL202010_MMYX/Lab 6/lab6/lab6.srcs/constrs_1/imports/lab6/switches.xdc:5]
CRITICAL WARNING: [Common 17-55] 'set_property' expects at least one object. [H:/ELC2137/DL202010_MMYX/Lab 6/lab6/lab6.srcs/constrs_1/imports/lab6/switches.xdc:5]
Resolution: If [get_<value>] was used to populate the object, check to make sure this command returns at least one valid object.
WARNING: [Vivado 12-584] No ports matched 'sw[2]'. [H:/ELC2137/DL202010_MMYX/Lab 6/lab6/lab6.srcs/constrs_1/imports/lab6/switches.xdc:6]
CRITICAL WARNING: [Common 17-55] 'set_property' expects at least one object. [H:/ELC2137/DL202010_MMYX/Lab 6/lab6/lab6.srcs/constrs_1/imports/lab6/switches.xdc:6]
Resolution: If [get_<value>] was used to populate the object, check to make sure this command returns at least one valid object.
WARNING: [Vivado 12-584] No ports matched 'sw[2]'. [H:/ELC2137/DL202010_MMYX/Lab 6/lab6/lab6.srcs/constrs_1/imports/lab6/switches.xdc:7]
CRITICAL WARNING: [Common 17-55] 'set_property' expects at least one object. [H:/ELC2137/DL202010_MMYX/Lab 6/lab6/lab6.srcs/constrs_1/imports/lab6/switches.xdc:7]
Resolution: If [get_<value>] was used to populate the object, check to make sure this command returns at least one valid object.
WARNING: [Vivado 12-584] No ports matched 'sw[3]'. [H:/ELC2137/DL202010_MMYX/Lab 6/lab6/lab6.srcs/constrs_1/imports/lab6/switches.xdc:8]
CRITICAL WARNING: [Common 17-55] 'set_property' expects at least one object. [H:/ELC2137/DL202010_MMYX/Lab 6/lab6/lab6.srcs/constrs_1/imports/lab6/switches.xdc:8]
Resolution: If [get_<value>] was used to populate the object, check to make sure this command returns at least one valid object.
WARNING: [Vivado 12-584] No ports matched 'sw[3]'. [H:/ELC2137/DL202010_MMYX/Lab 6/lab6/lab6.srcs/constrs_1/imports/lab6/switches.xdc:9]
CRITICAL WARNING: [Common 17-55] 'set_property' expects at least one object. [H:/ELC2137/DL202010_MMYX/Lab 6/lab6/lab6.srcs/constrs_1/imports/lab6/switches.xdc:9]
Resolution: If [get_<value>] was used to populate the object, check to make sure this command returns at least one valid object.
WARNING: [Vivado 12-584] No ports matched 'sw[4]'. [H:/ELC2137/DL202010_MMYX/Lab 6/lab6/lab6.srcs/constrs_1/imports/lab6/switches.xdc:10]
CRITICAL WARNING: [Common 17-55] 'set_property' expects at least one object. [H:/ELC2137/DL202010_MMYX/Lab 6/lab6/lab6.srcs/constrs_1/imports/lab6/switches.xdc:10]
Resolution: If [get_<value>] was used to populate the object, check to make sure this command returns at least one valid object.
WARNING: [Vivado 12-584] No ports matched 'sw[4]'. [H:/ELC2137/DL202010_MMYX/Lab 6/lab6/lab6.srcs/constrs_1/imports/lab6/switches.xdc:11]
CRITICAL WARNING: [Common 17-55] 'set_property' expects at least one object. [H:/ELC2137/DL202010_MMYX/Lab 6/lab6/lab6.srcs/constrs_1/imports/lab6/switches.xdc:11]
Resolution: If [get_<value>] was used to populate the object, check to make sure this command returns at least one valid object.
WARNING: [Vivado 12-584] No ports matched 'sw[5]'. [H:/ELC2137/DL202010_MMYX/Lab 6/lab6/lab6.srcs/constrs_1/imports/lab6/switches.xdc:12]
CRITICAL WARNING: [Common 17-55] 'set_property' expects at least one object. [H:/ELC2137/DL202010_MMYX/Lab 6/lab6/lab6.srcs/constrs_1/imports/lab6/switches.xdc:12]
Resolution: If [get_<value>] was used to populate the object, check to make sure this command returns at least one valid object.
WARNING: [Vivado 12-584] No ports matched 'sw[5]'. [H:/ELC2137/DL202010_MMYX/Lab 6/lab6/lab6.srcs/constrs_1/imports/lab6/switches.xdc:13]
CRITICAL WARNING: [Common 17-55] 'set_property' expects at least one object. [H:/ELC2137/DL202010_MMYX/Lab 6/lab6/lab6.srcs/constrs_1/imports/lab6/switches.xdc:13]
Resolution: If [get_<value>] was used to populate the object, check to make sure this command returns at least one valid object.
WARNING: [Vivado 12-584] No ports matched 'sw[6]'. [H:/ELC2137/DL202010_MMYX/Lab 6/lab6/lab6.srcs/constrs_1/imports/lab6/switches.xdc:14]
CRITICAL WARNING: [Common 17-55] 'set_property' expects at least one object. [H:/ELC2137/DL202010_MMYX/Lab 6/lab6/lab6.srcs/constrs_1/imports/lab6/switches.xdc:14]
Resolution: If [get_<value>] was used to populate the object, check to make sure this command returns at least one valid object.
WARNING: [Vivado 12-584] No ports matched 'sw[6]'. [H:/ELC2137/DL202010_MMYX/Lab 6/lab6/lab6.srcs/constrs_1/imports/lab6/switches.xdc:15]
CRITICAL WARNING: [Common 17-55] 'set_property' expects at least one object. [H:/ELC2137/DL202010_MMYX/Lab 6/lab6/lab6.srcs/constrs_1/imports/lab6/switches.xdc:15]
Resolution: If [get_<value>] was used to populate the object, check to make sure this command returns at least one valid object.
WARNING: [Vivado 12-584] No ports matched 'sw[7]'. [H:/ELC2137/DL202010_MMYX/Lab 6/lab6/lab6.srcs/constrs_1/imports/lab6/switches.xdc:16]
CRITICAL WARNING: [Common 17-55] 'set_property' expects at least one object. [H:/ELC2137/DL202010_MMYX/Lab 6/lab6/lab6.srcs/constrs_1/imports/lab6/switches.xdc:16]
Resolution: If [get_<value>] was used to populate the object, check to make sure this command returns at least one valid object.
WARNING: [Vivado 12-584] No ports matched 'sw[7]'. [H:/ELC2137/DL202010_MMYX/Lab 6/lab6/lab6.srcs/constrs_1/imports/lab6/switches.xdc:17]
CRITICAL WARNING: [Common 17-55] 'set_property' expects at least one object. [H:/ELC2137/DL202010_MMYX/Lab 6/lab6/lab6.srcs/constrs_1/imports/lab6/switches.xdc:17]
Resolution: If [get_<value>] was used to populate the object, check to make sure this command returns at least one valid object.
WARNING: [Vivado 12-584] No ports matched 'sw[8]'. [H:/ELC2137/DL202010_MMYX/Lab 6/lab6/lab6.srcs/constrs_1/imports/lab6/switches.xdc:18]
CRITICAL WARNING: [Common 17-55] 'set_property' expects at least one object. [H:/ELC2137/DL202010_MMYX/Lab 6/lab6/lab6.srcs/constrs_1/imports/lab6/switches.xdc:18]
Resolution: If [get_<value>] was used to populate the object, check to make sure this command returns at least one valid object.
WARNING: [Vivado 12-584] No ports matched 'sw[8]'. [H:/ELC2137/DL202010_MMYX/Lab 6/lab6/lab6.srcs/constrs_1/imports/lab6/switches.xdc:19]
CRITICAL WARNING: [Common 17-55] 'set_property' expects at least one object. [H:/ELC2137/DL202010_MMYX/Lab 6/lab6/lab6.srcs/constrs_1/imports/lab6/switches.xdc:19]
Resolution: If [get_<value>] was used to populate the object, check to make sure this command returns at least one valid object.
WARNING: [Vivado 12-584] No ports matched 'sw[9]'. [H:/ELC2137/DL202010_MMYX/Lab 6/lab6/lab6.srcs/constrs_1/imports/lab6/switches.xdc:20]
CRITICAL WARNING: [Common 17-55] 'set_property' expects at least one object. [H:/ELC2137/DL202010_MMYX/Lab 6/lab6/lab6.srcs/constrs_1/imports/lab6/switches.xdc:20]
Resolution: If [get_<value>] was used to populate the object, check to make sure this command returns at least one valid object.
WARNING: [Vivado 12-584] No ports matched 'sw[9]'. [H:/ELC2137/DL202010_MMYX/Lab 6/lab6/lab6.srcs/constrs_1/imports/lab6/switches.xdc:21]
CRITICAL WARNING: [Common 17-55] 'set_property' expects at least one object. [H:/ELC2137/DL202010_MMYX/Lab 6/lab6/lab6.srcs/constrs_1/imports/lab6/switches.xdc:21]
Resolution: If [get_<value>] was used to populate the object, check to make sure this command returns at least one valid object.
WARNING: [Vivado 12-584] No ports matched 'sw[10]'. [H:/ELC2137/DL202010_MMYX/Lab 6/lab6/lab6.srcs/constrs_1/imports/lab6/switches.xdc:22]
CRITICAL WARNING: [Common 17-55] 'set_property' expects at least one object. [H:/ELC2137/DL202010_MMYX/Lab 6/lab6/lab6.srcs/constrs_1/imports/lab6/switches.xdc:22]
Resolution: If [get_<value>] was used to populate the object, check to make sure this command returns at least one valid object.
WARNING: [Vivado 12-584] No ports matched 'sw[10]'. [H:/ELC2137/DL202010_MMYX/Lab 6/lab6/lab6.srcs/constrs_1/imports/lab6/switches.xdc:23]
CRITICAL WARNING: [Common 17-55] 'set_property' expects at least one object. [H:/ELC2137/DL202010_MMYX/Lab 6/lab6/lab6.srcs/constrs_1/imports/lab6/switches.xdc:23]
Resolution: If [get_<value>] was used to populate the object, check to make sure this command returns at least one valid object.
WARNING: [Vivado 12-584] No ports matched 'sw[11]'. [H:/ELC2137/DL202010_MMYX/Lab 6/lab6/lab6.srcs/constrs_1/imports/lab6/switches.xdc:24]
CRITICAL WARNING: [Common 17-55] 'set_property' expects at least one object. [H:/ELC2137/DL202010_MMYX/Lab 6/lab6/lab6.srcs/constrs_1/imports/lab6/switches.xdc:24]
Resolution: If [get_<value>] was used to populate the object, check to make sure this command returns at least one valid object.
WARNING: [Vivado 12-584] No ports matched 'sw[11]'. [H:/ELC2137/DL202010_MMYX/Lab 6/lab6/lab6.srcs/constrs_1/imports/lab6/switches.xdc:25]
CRITICAL WARNING: [Common 17-55] 'set_property' expects at least one object. [H:/ELC2137/DL202010_MMYX/Lab 6/lab6/lab6.srcs/constrs_1/imports/lab6/switches.xdc:25]
Resolution: If [get_<value>] was used to populate the object, check to make sure this command returns at least one valid object.
WARNING: [Vivado 12-584] No ports matched 'sw[12]'. [H:/ELC2137/DL202010_MMYX/Lab 6/lab6/lab6.srcs/constrs_1/imports/lab6/switches.xdc:26]
CRITICAL WARNING: [Common 17-55] 'set_property' expects at least one object. [H:/ELC2137/DL202010_MMYX/Lab 6/lab6/lab6.srcs/constrs_1/imports/lab6/switches.xdc:26]
Resolution: If [get_<value>] was used to populate the object, check to make sure this command returns at least one valid object.
WARNING: [Vivado 12-584] No ports matched 'sw[12]'. [H:/ELC2137/DL202010_MMYX/Lab 6/lab6/lab6.srcs/constrs_1/imports/lab6/switches.xdc:27]
CRITICAL WARNING: [Common 17-55] 'set_property' expects at least one object. [H:/ELC2137/DL202010_MMYX/Lab 6/lab6/lab6.srcs/constrs_1/imports/lab6/switches.xdc:27]
Resolution: If [get_<value>] was used to populate the object, check to make sure this command returns at least one valid object.
WARNING: [Vivado 12-584] No ports matched 'sw[13]'. [H:/ELC2137/DL202010_MMYX/Lab 6/lab6/lab6.srcs/constrs_1/imports/lab6/switches.xdc:28]
CRITICAL WARNING: [Common 17-55] 'set_property' expects at least one object. [H:/ELC2137/DL202010_MMYX/Lab 6/lab6/lab6.srcs/constrs_1/imports/lab6/switches.xdc:28]
Resolution: If [get_<value>] was used to populate the object, check to make sure this command returns at least one valid object.
WARNING: [Vivado 12-584] No ports matched 'sw[13]'. [H:/ELC2137/DL202010_MMYX/Lab 6/lab6/lab6.srcs/constrs_1/imports/lab6/switches.xdc:29]
CRITICAL WARNING: [Common 17-55] 'set_property' expects at least one object. [H:/ELC2137/DL202010_MMYX/Lab 6/lab6/lab6.srcs/constrs_1/imports/lab6/switches.xdc:29]
Resolution: If [get_<value>] was used to populate the object, check to make sure this command returns at least one valid object.
WARNING: [Vivado 12-584] No ports matched 'sw[14]'. [H:/ELC2137/DL202010_MMYX/Lab 6/lab6/lab6.srcs/constrs_1/imports/lab6/switches.xdc:30]
CRITICAL WARNING: [Common 17-55] 'set_property' expects at least one object. [H:/ELC2137/DL202010_MMYX/Lab 6/lab6/lab6.srcs/constrs_1/imports/lab6/switches.xdc:30]
Resolution: If [get_<value>] was used to populate the object, check to make sure this command returns at least one valid object.
WARNING: [Vivado 12-584] No ports matched 'sw[14]'. [H:/ELC2137/DL202010_MMYX/Lab 6/lab6/lab6.srcs/constrs_1/imports/lab6/switches.xdc:31]
CRITICAL WARNING: [Common 17-55] 'set_property' expects at least one object. [H:/ELC2137/DL202010_MMYX/Lab 6/lab6/lab6.srcs/constrs_1/imports/lab6/switches.xdc:31]
Resolution: If [get_<value>] was used to populate the object, check to make sure this command returns at least one valid object.
WARNING: [Vivado 12-584] No ports matched 'sw[15]'. [H:/ELC2137/DL202010_MMYX/Lab 6/lab6/lab6.srcs/constrs_1/imports/lab6/switches.xdc:32]
CRITICAL WARNING: [Common 17-55] 'set_property' expects at least one object. [H:/ELC2137/DL202010_MMYX/Lab 6/lab6/lab6.srcs/constrs_1/imports/lab6/switches.xdc:32]
Resolution: If [get_<value>] was used to populate the object, check to make sure this command returns at least one valid object.
WARNING: [Vivado 12-584] No ports matched 'sw[15]'. [H:/ELC2137/DL202010_MMYX/Lab 6/lab6/lab6.srcs/constrs_1/imports/lab6/switches.xdc:33]
CRITICAL WARNING: [Common 17-55] 'set_property' expects at least one object. [H:/ELC2137/DL202010_MMYX/Lab 6/lab6/lab6.srcs/constrs_1/imports/lab6/switches.xdc:33]
Resolution: If [get_<value>] was used to populate the object, check to make sure this command returns at least one valid object.
Finished Parsing XDC File [H:/ELC2137/DL202010_MMYX/Lab 6/lab6/lab6.srcs/constrs_1/imports/lab6/switches.xdc]
Completed Processing XDC Constraints

Netlist sorting complete. Time (s): cpu = 00:00:00 ; elapsed = 00:00:00 . Memory (MB): peak = 666.035 ; gain = 0.000
INFO: [Project 1-111] Unisim Transformation Summary:
No Unisim elements were transformed.

Netlist sorting complete. Time (s): cpu = 00:00:00 ; elapsed = 00:00:00 . Memory (MB): peak = 666.035 ; gain = 0.000
WARNING: [Constraints 18-5210] No constraints selected for write.
Resolution: This message can indicate that there are no constraints for the design, or it can indicate that the used_in flags are set such that the constraints are ignored. This later case is used when running synth_design to not write synthesis constraints to the resulting checkpoint. Instead, project constraints are read when the synthesized design is opened.
Constraint Validation Runtime : Time (s): cpu = 00:00:00 ; elapsed = 00:00:00.033 . Memory (MB): peak = 667.102 ; gain = 1.066
---------------------------------------------------------------------------------
Finished Constraint Validation : Time (s): cpu = 00:00:08 ; elapsed = 00:00:11 . Memory (MB): peak = 667.102 ; gain = 394.453
---------------------------------------------------------------------------------
---------------------------------------------------------------------------------
Start Loading Part and Timing Information
---------------------------------------------------------------------------------
Loading part: xc7a35tcpg236-1
---------------------------------------------------------------------------------
Finished Loading Part and Timing Information : Time (s): cpu = 00:00:08 ; elapsed = 00:00:11 . Memory (MB): peak = 667.102 ; gain = 394.453
---------------------------------------------------------------------------------
---------------------------------------------------------------------------------
Start Applying 'set_property' XDC Constraints
---------------------------------------------------------------------------------
---------------------------------------------------------------------------------
Finished applying 'set_property' XDC Constraints : Time (s): cpu = 00:00:08 ; elapsed = 00:00:11 . Memory (MB): peak = 667.102 ; gain = 394.453
---------------------------------------------------------------------------------
---------------------------------------------------------------------------------
Finished RTL Optimization Phase 2 : Time (s): cpu = 00:00:08 ; elapsed = 00:00:11 . Memory (MB): peak = 667.102 ; gain = 394.453
---------------------------------------------------------------------------------

Report RTL Partitions: 
+-+--------------+------------+----------+
| |RTL Partition |Replication |Instances |
+-+--------------+------------+----------+
+-+--------------+------------+----------+
---------------------------------------------------------------------------------
Start RTL Component Statistics 
---------------------------------------------------------------------------------
Detailed RTL Component Info : 
+---Muxes : 
	   2 Input      4 Bit        Muxes := 1     
---------------------------------------------------------------------------------
Finished RTL Component Statistics 
---------------------------------------------------------------------------------
---------------------------------------------------------------------------------
Start RTL Hierarchical Component Statistics 
---------------------------------------------------------------------------------
Hierarchical RTL Component report 
Module mux2_4b 
Detailed RTL Component Info : 
+---Muxes : 
	   2 Input      4 Bit        Muxes := 1     
---------------------------------------------------------------------------------
Finished RTL Hierarchical Component Statistics
---------------------------------------------------------------------------------
---------------------------------------------------------------------------------
Start Part Resource Summary
---------------------------------------------------------------------------------
Part Resources:
DSPs: 90 (col length:60)
BRAMs: 100 (col length: RAMB18 60 RAMB36 30)
---------------------------------------------------------------------------------
Finished Part Resource Summary
---------------------------------------------------------------------------------
---------------------------------------------------------------------------------
Start Cross Boundary and Area Optimization
---------------------------------------------------------------------------------
Warning: Parallel synthesis criteria is not met 
---------------------------------------------------------------------------------
Finished Cross Boundary and Area Optimization : Time (s): cpu = 00:00:08 ; elapsed = 00:00:12 . Memory (MB): peak = 667.102 ; gain = 394.453
---------------------------------------------------------------------------------

Report RTL Partitions: 
+-+--------------+------------+----------+
| |RTL Partition |Replication |Instances |
+-+--------------+------------+----------+
+-+--------------+------------+----------+
---------------------------------------------------------------------------------
Start Applying XDC Timing Constraints
---------------------------------------------------------------------------------
---------------------------------------------------------------------------------
Finished Applying XDC Timing Constraints : Time (s): cpu = 00:00:14 ; elapsed = 00:00:18 . Memory (MB): peak = 748.508 ; gain = 475.859
---------------------------------------------------------------------------------
---------------------------------------------------------------------------------
Start Timing Optimization
---------------------------------------------------------------------------------
---------------------------------------------------------------------------------
Finished Timing Optimization : Time (s): cpu = 00:00:14 ; elapsed = 00:00:18 . Memory (MB): peak = 748.508 ; gain = 475.859
---------------------------------------------------------------------------------

Report RTL Partitions: 
+-+--------------+------------+----------+
| |RTL Partition |Replication |Instances |
+-+--------------+------------+----------+
+-+--------------+------------+----------+
---------------------------------------------------------------------------------
Start Technology Mapping
---------------------------------------------------------------------------------
---------------------------------------------------------------------------------
Finished Technology Mapping : Time (s): cpu = 00:00:14 ; elapsed = 00:00:18 . Memory (MB): peak = 758.105 ; gain = 485.457
---------------------------------------------------------------------------------

Report RTL Partitions: 
+-+--------------+------------+----------+
| |RTL Partition |Replication |Instances |
+-+--------------+------------+----------+
+-+--------------+------------+----------+
---------------------------------------------------------------------------------
Start IO Insertion
---------------------------------------------------------------------------------
---------------------------------------------------------------------------------
Start Flattening Before IO Insertion
---------------------------------------------------------------------------------
---------------------------------------------------------------------------------
Finished Flattening Before IO Insertion
---------------------------------------------------------------------------------
---------------------------------------------------------------------------------
Start Final Netlist Cleanup
---------------------------------------------------------------------------------
---------------------------------------------------------------------------------
Finished Final Netlist Cleanup
---------------------------------------------------------------------------------
---------------------------------------------------------------------------------
Finished IO Insertion : Time (s): cpu = 00:00:15 ; elapsed = 00:00:19 . Memory (MB): peak = 758.105 ; gain = 485.457
---------------------------------------------------------------------------------

Report Check Netlist: 
+------+------------------+-------+---------+-------+------------------+
|      |Item              |Errors |Warnings |Status |Description       |
+------+------------------+-------+---------+-------+------------------+
|1     |multi_driven_nets |      0|        0|Passed |Multi driven nets |
+------+------------------+-------+---------+-------+------------------+
---------------------------------------------------------------------------------
Start Renaming Generated Instances
---------------------------------------------------------------------------------
---------------------------------------------------------------------------------
Finished Renaming Generated Instances : Time (s): cpu = 00:00:15 ; elapsed = 00:00:19 . Memory (MB): peak = 758.105 ; gain = 485.457
---------------------------------------------------------------------------------

Report RTL Partitions: 
+-+--------------+------------+----------+
| |RTL Partition |Replication |Instances |
+-+--------------+------------+----------+
+-+--------------+------------+----------+
---------------------------------------------------------------------------------
Start Rebuilding User Hierarchy
---------------------------------------------------------------------------------
---------------------------------------------------------------------------------
Finished Rebuilding User Hierarchy : Time (s): cpu = 00:00:15 ; elapsed = 00:00:19 . Memory (MB): peak = 758.105 ; gain = 485.457
---------------------------------------------------------------------------------
---------------------------------------------------------------------------------
Start Renaming Generated Ports
---------------------------------------------------------------------------------
---------------------------------------------------------------------------------
Finished Renaming Generated Ports : Time (s): cpu = 00:00:15 ; elapsed = 00:00:19 . Memory (MB): peak = 758.105 ; gain = 485.457
---------------------------------------------------------------------------------
---------------------------------------------------------------------------------
Start Handling Custom Attributes
---------------------------------------------------------------------------------
---------------------------------------------------------------------------------
Finished Handling Custom Attributes : Time (s): cpu = 00:00:15 ; elapsed = 00:00:19 . Memory (MB): peak = 758.105 ; gain = 485.457
---------------------------------------------------------------------------------
---------------------------------------------------------------------------------
Start Renaming Generated Nets
---------------------------------------------------------------------------------
---------------------------------------------------------------------------------
Finished Renaming Generated Nets : Time (s): cpu = 00:00:15 ; elapsed = 00:00:19 . Memory (MB): peak = 758.105 ; gain = 485.457
---------------------------------------------------------------------------------
---------------------------------------------------------------------------------
Start Writing Synthesis Report
---------------------------------------------------------------------------------

Report BlackBoxes: 
+-+--------------+----------+
| |BlackBox name |Instances |
+-+--------------+----------+
+-+--------------+----------+

Report Cell Usage: 
+------+-----+------+
|      |Cell |Count |
+------+-----+------+
|1     |LUT3 |     4|
|2     |IBUF |     9|
|3     |OBUF |     4|
+------+-----+------+

Report Instance Areas: 
+------+---------+-------+------+
|      |Instance |Module |Cells |
+------+---------+-------+------+
|1     |top      |       |    17|
+------+---------+-------+------+
---------------------------------------------------------------------------------
Finished Writing Synthesis Report : Time (s): cpu = 00:00:15 ; elapsed = 00:00:19 . Memory (MB): peak = 758.105 ; gain = 485.457
---------------------------------------------------------------------------------
Synthesis finished with 0 errors, 0 critical warnings and 0 warnings.
Synthesis Optimization Runtime : Time (s): cpu = 00:00:09 ; elapsed = 00:00:13 . Memory (MB): peak = 758.105 ; gain = 246.777
Synthesis Optimization Complete : Time (s): cpu = 00:00:15 ; elapsed = 00:00:19 . Memory (MB): peak = 758.105 ; gain = 485.457
INFO: [Project 1-571] Translating synthesized netlist
INFO: [Project 1-570] Preparing netlist for logic optimization
INFO: [Opt 31-138] Pushed 0 inverter(s) to 0 load pin(s).
Netlist sorting complete. Time (s): cpu = 00:00:00 ; elapsed = 00:00:00.001 . Memory (MB): peak = 769.008 ; gain = 0.000
INFO: [Project 1-111] Unisim Transformation Summary:
No Unisim elements were transformed.

INFO: [Common 17-83] Releasing license: Synthesis
11 Infos, 57 Warnings, 56 Critical Warnings and 0 Errors encountered.
synth_design completed successfully
synth_design: Time (s): cpu = 00:00:16 ; elapsed = 00:00:21 . Memory (MB): peak = 769.008 ; gain = 508.246
Netlist sorting complete. Time (s): cpu = 00:00:00 ; elapsed = 00:00:00 . Memory (MB): peak = 769.008 ; gain = 0.000
WARNING: [Constraints 18-5210] No constraints selected for write.
Resolution: This message can indicate that there are no constraints for the design, or it can indicate that the used_in flags are set such that the constraints are ignored. This later case is used when running synth_design to not write synthesis constraints to the resulting checkpoint. Instead, project constraints are read when the synthesized design is opened.
INFO: [Common 17-1381] The checkpoint 'H:/ELC2137/DL202010_MMYX/Lab 6/lab6/lab6.runs/synth_1/mux2_4b.dcp' has been generated.
INFO: [runtcl-4] Executing : report_utilization -file mux2_4b_utilization_synth.rpt -pb mux2_4b_utilization_synth.pb
INFO: [Common 17-206] Exiting Vivado at Wed Feb 26 14:41:39 2020...
